<?xml version="1.0" encoding="UTF-8"?>
<!-- Generated by org.testng.reporters.JUnitReportReporter -->
<testsuite hostname="DESKTOP-35PKLNE" failures="0" tests="2" name="demo.DataDrivenExamples1" time="2.163" errors="0" timestamp="2021-05-14T16:07:47 CEST" skipped="0">
  <testcase classname="demo.DataDrivenExamples1" name="test_post" time="0.063"/>
  <system-out/>
  <testcase classname="demo.DataDrivenExamples1" name="test_post" time="2.100"/>
  <system-out/>
</testsuite> <!-- demo.DataDrivenExamples1 -->
