<?xml version="1.0" encoding="UTF-8"?>
<!-- Generated by org.testng.reporters.JUnitReportReporter -->
<testsuite hostname="DESKTOP-35PKLNE" failures="0" tests="1" name="Examples" time="12.793" errors="0" timestamp="2021-05-14T15:19:29 CEST" skipped="0">
  <testcase classname="Examples" name="test_delete" time="12.793"/>
  <system-out/>
</testsuite> <!-- Examples -->
