<?xml version="1.0" encoding="UTF-8"?>
<!-- Generated by org.testng.reporters.JUnitReportReporter -->
<testsuite hostname="DESKTOP-35PKLNE" failures="0" tests="1" name="Tests_POST" time="2.945" errors="0" timestamp="2021-05-14T13:54:06 CEST" skipped="0">
  <testcase classname="Tests_POST" name="test_4_delete" time="2.945"/>
  <system-out/>
</testsuite> <!-- Tests_POST -->
