<?xml version="1.0" encoding="UTF-8"?>
<!-- Generated by org.testng.reporters.JUnitReportReporter -->
<testsuite hostname="DESKTOP-35PKLNE" failures="0" tests="1" name="Test01_GET" time="2.297" errors="0" timestamp="2021-05-14T13:09:35 CEST" skipped="0">
  <testcase classname="Test01_GET" name="test_02" time="2.297"/>
  <system-out/>
</testsuite> <!-- Test01_GET -->
