<?xml version="1.0" encoding="UTF-8"?>
<!-- Generated by org.testng.reporters.JUnitReportReporter -->
<testsuite hostname="DESKTOP-35PKLNE" failures="0" tests="1" name="Tests_GET" time="3.174" errors="0" timestamp="2021-05-14T13:49:59 CEST" skipped="0">
  <testcase classname="Tests_GET" name="test_1" time="3.174"/>
  <system-out/>
</testsuite> <!-- Tests_GET -->
