<?xml version="1.0" encoding="UTF-8"?>
<!-- Generated by org.testng.reporters.JUnitReportReporter -->
<testsuite hostname="DESKTOP-35PKLNE" failures="0" tests="2" name="DataDrivenExamples1" time="10.141" errors="0" timestamp="2021-05-14T15:57:08 CEST" skipped="0">
  <testcase classname="DataDrivenExamples1" name="test_delete" time="0.095"/>
  <system-out/>
  <testcase classname="DataDrivenExamples1" name="test_delete" time="10.046"/>
  <system-out/>
</testsuite> <!-- DataDrivenExamples1 -->
